<?xml version="1.0" encoding="UTF-8"?>
<!-- Generated by org.testng.reporters.JUnitXMLReporter -->
<testsuite ignored="0" hostname="Sumits-MacBook-Air.local" failures="1" tests="4" name="UI + API Tests" time="47.897" errors="0" timestamp="2026-04-30T22:05:46 GMT-03:00">
  <testcase classname="ui.tests.E2ETest" name="completeEndToEndFlow" time="0.087">
    <failure type="java.lang.AssertionError" message="expected [true] but found [false]">
      <![CDATA[java.lang.AssertionError: expected [true] but found [false]
at ui.tests.E2ETest.completeEndToEndFlow(E2ETest.java:18)
at java.base/java.util.ArrayList.forEach(ArrayList.java:1511)
... Removed 29 stack frames]]>
    </failure>
  </testcase> <!-- completeEndToEndFlow -->
  <testcase classname="ui.tests.CartTests" name="addToCartTest" time="1.211"/>
  <testcase classname="ui.tests.CartTests" name="cartEmptyTest" time="11.101"/>
  <testcase classname="api.tests.ApiTests" name="getUsersTest" time="4.013"/>
</testsuite> <!-- UI + API Tests -->
