<?xml version="1.0" encoding="UTF-8"?>
<testng-results ignored="0" total="4" passed="3" failed="1" skipped="0">
  <reporter-output>
  </reporter-output>
  <suite started-at="2026-04-30T22:04:58 GMT-03:00" name="Automation Suite" finished-at="2026-04-30T22:05:46 GMT-03:00" duration-ms="47897">
    <groups>
    </groups>
    <test started-at="2026-04-30T22:04:58 GMT-03:00" name="UI + API Tests" finished-at="2026-04-30T22:05:46 GMT-03:00" duration-ms="47897">
      <class name="ui.tests.E2ETest">
        <test-method is-config="true" signature="setup()[pri:0, instance:ui.tests.E2ETest@24569dba]" started-at="2026-04-30T22:04:58 GMT-03:00" name="setup" finished-at="2026-04-30T22:05:23 GMT-03:00" duration-ms="24595" status="PASS">
          <reporter-output>
          </reporter-output>
        </test-method> <!-- setup -->
        <test-method signature="completeEndToEndFlow()[pri:0, instance:ui.tests.E2ETest@24569dba]" started-at="2026-04-30T22:05:23 GMT-03:00" name="completeEndToEndFlow" finished-at="2026-04-30T22:05:23 GMT-03:00" duration-ms="87" status="FAIL">
          <exception class="java.lang.AssertionError">
            <message>
              <![CDATA[expected [true] but found [false]]]>
            </message>
            <full-stacktrace>
              <![CDATA[java.lang.AssertionError: expected [true] but found [false]
at org.testng.Assert.fail(Assert.java:111)
at org.testng.Assert.failNotEquals(Assert.java:1590)
at org.testng.Assert.assertTrue(Assert.java:57)
at org.testng.Assert.assertTrue(Assert.java:67)
at ui.tests.E2ETest.completeEndToEndFlow(E2ETest.java:18)
at java.base/jdk.internal.reflect.DirectMethodHandleAccessor.invoke(DirectMethodHandleAccessor.java:104)
at java.base/java.lang.reflect.Method.invoke(Method.java:578)
at org.testng.internal.invokers.MethodInvocationHelper.invokeMethod(MethodInvocationHelper.java:141)
at org.testng.internal.invokers.TestInvoker.invokeMethod(TestInvoker.java:687)
at org.testng.internal.invokers.TestInvoker.invokeTestMethod(TestInvoker.java:230)
at org.testng.internal.invokers.MethodRunner.runInSequence(MethodRunner.java:63)
at org.testng.internal.invokers.TestInvoker$MethodInvocationAgent.invoke(TestInvoker.java:995)
at org.testng.internal.invokers.TestInvoker.invokeTestMethods(TestInvoker.java:203)
at org.testng.internal.invokers.TestMethodWorker.invokeTestMethods(TestMethodWorker.java:154)
at org.testng.internal.invokers.TestMethodWorker.run(TestMethodWorker.java:134)
at java.base/java.util.ArrayList.forEach(ArrayList.java:1511)
at org.testng.TestRunner.privateRun(TestRunner.java:741)
at org.testng.TestRunner.run(TestRunner.java:616)
at org.testng.SuiteRunner.runTest(SuiteRunner.java:421)
at org.testng.SuiteRunner.runSequentially(SuiteRunner.java:413)
at org.testng.SuiteRunner.privateRun(SuiteRunner.java:373)
at org.testng.SuiteRunner.run(SuiteRunner.java:312)
at org.testng.SuiteRunnerWorker.runSuite(SuiteRunnerWorker.java:52)
at org.testng.SuiteRunnerWorker.run(SuiteRunnerWorker.java:95)
at org.testng.TestNG.runSuitesSequentially(TestNG.java:1274)
at org.testng.TestNG.runSuitesLocally(TestNG.java:1208)
at org.testng.TestNG.runSuites(TestNG.java:1112)
at org.testng.TestNG.run(TestNG.java:1079)
at org.testng.remote.AbstractRemoteTestNG.run(AbstractRemoteTestNG.java:115)
at org.testng.remote.RemoteTestNG.initAndRun(RemoteTestNG.java:293)
at org.testng.remote.RemoteTestNG.main(RemoteTestNG.java:91)
]]>
            </full-stacktrace>
          </exception> <!-- java.lang.AssertionError -->
          <reporter-output>
          </reporter-output>
        </test-method> <!-- completeEndToEndFlow -->
        <test-method is-config="true" signature="tearDown()[pri:0, instance:ui.tests.E2ETest@24569dba]" started-at="2026-04-30T22:05:23 GMT-03:00" name="tearDown" finished-at="2026-04-30T22:05:23 GMT-03:00" duration-ms="190" status="PASS">
          <reporter-output>
          </reporter-output>
        </test-method> <!-- tearDown -->
      </class> <!-- ui.tests.E2ETest -->
      <class name="api.tests.ApiTests">
        <test-method signature="getUsersTest()[pri:0, instance:api.tests.ApiTests@6b695b06]" started-at="2026-04-30T22:05:42 GMT-03:00" name="getUsersTest" finished-at="2026-04-30T22:05:46 GMT-03:00" duration-ms="4013" status="PASS">
          <reporter-output>
          </reporter-output>
        </test-method> <!-- getUsersTest -->
      </class> <!-- api.tests.ApiTests -->
      <class name="ui.tests.CartTests">
        <test-method is-config="true" signature="setup()[pri:0, instance:ui.tests.CartTests@4f32a3ad]" started-at="2026-04-30T22:05:23 GMT-03:00" name="setup" finished-at="2026-04-30T22:05:26 GMT-03:00" duration-ms="3022" status="PASS">
          <reporter-output>
          </reporter-output>
        </test-method> <!-- setup -->
        <test-method signature="addToCartTest()[pri:0, instance:ui.tests.CartTests@4f32a3ad]" started-at="2026-04-30T22:05:26 GMT-03:00" name="addToCartTest" finished-at="2026-04-30T22:05:27 GMT-03:00" duration-ms="1211" status="PASS">
          <reporter-output>
          </reporter-output>
        </test-method> <!-- addToCartTest -->
        <test-method is-config="true" signature="tearDown()[pri:0, instance:ui.tests.CartTests@4f32a3ad]" started-at="2026-04-30T22:05:27 GMT-03:00" name="tearDown" finished-at="2026-04-30T22:05:27 GMT-03:00" duration-ms="131" status="PASS">
          <reporter-output>
          </reporter-output>
        </test-method> <!-- tearDown -->
        <test-method is-config="true" signature="setup()[pri:0, instance:ui.tests.CartTests@4f32a3ad]" started-at="2026-04-30T22:05:27 GMT-03:00" name="setup" finished-at="2026-04-30T22:05:31 GMT-03:00" duration-ms="3033" status="PASS">
          <reporter-output>
          </reporter-output>
        </test-method> <!-- setup -->
        <test-method signature="cartEmptyTest()[pri:0, instance:ui.tests.CartTests@4f32a3ad]" started-at="2026-04-30T22:05:31 GMT-03:00" name="cartEmptyTest" finished-at="2026-04-30T22:05:42 GMT-03:00" duration-ms="11101" status="PASS">
          <reporter-output>
          </reporter-output>
        </test-method> <!-- cartEmptyTest -->
        <test-method is-config="true" signature="tearDown()[pri:0, instance:ui.tests.CartTests@4f32a3ad]" started-at="2026-04-30T22:05:42 GMT-03:00" name="tearDown" finished-at="2026-04-30T22:05:42 GMT-03:00" duration-ms="178" status="PASS">
          <reporter-output>
          </reporter-output>
        </test-method> <!-- tearDown -->
      </class> <!-- ui.tests.CartTests -->
    </test> <!-- UI + API Tests -->
  </suite> <!-- Automation Suite -->
</testng-results>
